<?xml version="1.0" encoding="UTF-8"?>
<!-- Generated by org.testng.reporters.JUnitXMLReporter -->
<testsuite ignored="0" hostname="shah4corp" failures="0" tests="6" name="Default test" time="0.097" errors="0" timestamp="2024-07-28T09:04:41 IST">
  <testcase classname="Pkg.Extent.BaseClass" name="@BeforeTest endReport" time="0.014">
    <failure type="java.lang.NullPointerException" message="Cannot invoke &amp;quot;com.aventstack.extentreports.ExtentReports.flush()&amp;quot; because &amp;quot;Pkg.Extent.BaseClass.extent&amp;quot; is null">
      <![CDATA[java.lang.NullPointerException: Cannot invoke "com.aventstack.extentreports.ExtentReports.flush()" because "Pkg.Extent.BaseClass.extent" is null
at Pkg.Extent.BaseClass.endReport(BaseClass.java:56)
at java.base/jdk.internal.reflect.DirectMethodHandleAccessor.invoke(DirectMethodHandleAccessor.java:103)
at java.base/java.lang.reflect.Method.invoke(Method.java:580)
at org.testng.internal.invokers.MethodInvocationHelper.invokeMethod(MethodInvocationHelper.java:141)
at org.testng.internal.invokers.MethodInvocationHelper.invokeMethodConsideringTimeout(MethodInvocationHelper.java:71)
at org.testng.internal.invokers.ConfigInvoker.invokeConfigurationMethod(ConfigInvoker.java:400)
at org.testng.internal.invokers.ConfigInvoker.invokeConfigurations(ConfigInvoker.java:333)
at org.testng.TestRunner.invokeTestConfigurations(TestRunner.java:655)
at org.testng.TestRunner.beforeRun(TestRunner.java:644)
at org.testng.TestRunner.run(TestRunner.java:610)
at org.testng.SuiteRunner.runTest(SuiteRunner.java:421)
at org.testng.SuiteRunner.runSequentially(SuiteRunner.java:413)
at org.testng.SuiteRunner.privateRun(SuiteRunner.java:373)
at org.testng.SuiteRunner.run(SuiteRunner.java:312)
at org.testng.SuiteRunnerWorker.runSuite(SuiteRunnerWorker.java:52)
at org.testng.SuiteRunnerWorker.run(SuiteRunnerWorker.java:95)
at org.testng.TestNG.runSuitesSequentially(TestNG.java:1274)
at org.testng.TestNG.runSuitesLocally(TestNG.java:1208)
at org.testng.TestNG.runSuites(TestNG.java:1112)
at org.testng.TestNG.run(TestNG.java:1079)
at org.testng.remote.AbstractRemoteTestNG.run(AbstractRemoteTestNG.java:115)
at org.testng.remote.RemoteTestNG.initAndRun(RemoteTestNG.java:293)
at org.testng.remote.RemoteTestNG.main(RemoteTestNG.java:91)
]]>
    </failure>
  </testcase> <!-- @BeforeTest endReport -->
  <testcase classname="Pkg.Extent.TC001" name="@BeforeTest startReporter" time="0.0">
    <skipped/>
  </testcase> <!-- @BeforeTest startReporter -->
  <testcase classname="Pkg.Extent.BaseClass" name="@BeforeClass initializeDriver" time="0.0">
    <skipped/>
  </testcase> <!-- @BeforeClass initializeDriver -->
  <testcase classname="Pkg.Extent.TC001" name="f1" time="0.0">
    <skipped/>
  </testcase> <!-- f1 -->
  <testcase classname="Pkg.Extent.TC001" name="f2" time="0.0">
    <skipped/>
  </testcase> <!-- f2 -->
  <testcase classname="Pkg.Extent.TC001" name="f3" time="0.0">
    <skipped/>
  </testcase> <!-- f3 -->
  <testcase classname="Pkg.Extent.TC001" name="f4" time="0.0">
    <skipped/>
  </testcase> <!-- f4 -->
  <testcase classname="Pkg.Extent.TC001" name="f5" time="0.0">
    <skipped/>
  </testcase> <!-- f5 -->
  <testcase classname="Pkg.Extent.TC001" name="f6" time="0.0">
    <skipped/>
  </testcase> <!-- f6 -->
</testsuite> <!-- Default test -->
