<?xml version="1.0" encoding="UTF-8"?>
<!-- Generated by org.testng.reporters.JUnitXMLReporter -->
<testsuite ignored="4" hostname="shah4corp" failures="1" tests="2" name="Test" time="4.95" errors="0" timestamp="2024-08-03T14:53:47 IST">
  <testcase classname="Pkg.Extent.TC001" name="f1" time="0.018"/>
  <testcase classname="Pkg.Extent.TC001" name="f2" time="0.016">
    <failure type="java.lang.AssertionError" message="expected [true] but found [false]">
      <![CDATA[java.lang.AssertionError: expected [true] but found [false]
at Pkg.Extent.TC001.f2(TC001.java:36)
at java.base/java.util.ArrayList.forEach(ArrayList.java:1596)
... Removed 29 stack frames]]>
    </failure>
  </testcase> <!-- f2 -->
  <testcase classname="Pkg.Extent.TC001" name="f3" time="0.0">
    <ignored/>
  </testcase> <!-- f3 -->
  <testcase classname="Pkg.Extent.TC001" name="f4" time="0.0">
    <ignored/>
  </testcase> <!-- f4 -->
  <testcase classname="Pkg.Extent.TC001" name="f5" time="0.0">
    <ignored/>
  </testcase> <!-- f5 -->
  <testcase classname="Pkg.Extent.TC001" name="f6" time="0.0">
    <ignored/>
  </testcase> <!-- f6 -->
</testsuite> <!-- Test -->
