<?xml version="1.0" encoding="UTF-8"?>
<testng-results ignored="0" total="1" passed="1" failed="0" skipped="0">
  <reporter-output>
  </reporter-output>
  <suite started-at="2024-08-10T18:26:13 IST" name="Default suite" finished-at="2024-08-10T18:26:20 IST" duration-ms="6861">
    <groups>
    </groups>
    <test started-at="2024-08-10T18:26:13 IST" name="Default test" finished-at="2024-08-10T18:26:20 IST" duration-ms="6861">
      <class name="Pkg.Extent.Sun1105Demo">
        <test-method signature="test()[pri:0, instance:Pkg.Extent.Sun1105Demo@1b835480]" started-at="2024-08-10T18:26:13 IST" name="test" finished-at="2024-08-10T18:26:20 IST" duration-ms="6810" status="PASS">
          <reporter-output>
          </reporter-output>
        </test-method> <!-- test -->
        <test-method is-config="true" signature="tearDown()[pri:0, instance:Pkg.Extent.Sun1105Demo@1b835480]" started-at="2024-08-10T18:26:20 IST" name="tearDown" finished-at="2024-08-10T18:26:20 IST" duration-ms="7" status="PASS">
          <reporter-output>
          </reporter-output>
        </test-method> <!-- tearDown -->
      </class> <!-- Pkg.Extent.Sun1105Demo -->
    </test> <!-- Default test -->
  </suite> <!-- Default suite -->
</testng-results>
